# JRE version: OpenJDK Runtime Environment (21.0.1+12) (build 21.0.1+12-29)
# Java VM: OpenJDK 64-Bit Server VM (21.0.1+12-29, mixed mode, sharing, tiered, compressed oops, compressed class ptrs, g1 gc, bsd-amd64)
Heap:
 garbage-first heap   total 90112K, used 77791K [0x0000000700000000, 0x0000000800000000)
  region size 2048K, 2 young (4096K), 1 survivors (2048K)
 Metaspace       used 21816K, committed 22144K, reserved 1114112K
  class space    used 2242K, committed 2432K, reserved 1048576K
GC Heap History (20 events):
Event: 348.505 GC heap before
{Heap before GC invocations=27 (full 0):
 garbage-first heap   total 90112K, used 49544K [0x0000000700000000, 0x0000000800000000)
  region size 2048K, 2 young (4096K), 1 survivors (2048K)
 Metaspace       used 21816K, committed 22144K, reserved 1114112K
  class space    used 2242K, committed 2432K, reserved 1048576K
}
Event: 348.508 GC heap after
{Heap after GC invocations=28 (full 0):
 garbage-first heap   total 90112K, used 51503K [0x0000000700000000, 0x0000000800000000)
  region size 2048K, 1 young (2048K), 1 survivors (2048K)
 Metaspace       used 21816K, committed 22144K, reserved 1114112K
  class space    used 2242K, committed 2432K, reserved 1048576K
}
Event: 359.227 GC heap before
{Heap before GC invocations=28 (full 0):
 garbage-first heap   total 90112K, used 59695K [0x0000000700000000, 0x0000000800000000)
  region size 2048K, 6 young (12288K), 1 survivors (2048K)
 Metaspace       used 21816K, committed 22144K, reserved 1114112K
  class space    used 2242K, committed 2432K, reserved 1048576K
}
Event: 359.230 GC heap after
{Heap after GC invocations=29 (full 0):
 garbage-first heap   total 90112K, used 48996K [0x0000000700000000, 0x0000000800000000)
  region size 2048K, 1 young (2048K), 1 survivors (2048K)
 Metaspace       used 21816K, committed 22144K, reserved 1114112K
  class space    used 2242K, committed 2432K, reserved 1048576K
}
Event: 372.135 GC heap before
{Heap before GC invocations=29 (full 0):
 garbage-first heap   total 90112K, used 59236K [0x0000000700000000, 0x0000000800000000)
  region size 2048K, 7 young (14336K), 1 survivors (2048K)
 Metaspace       used 21816K, committed 22144K, reserved 1114112K
  class space    used 2242K, committed 2432K, reserved 1048576K
}
Event: 372.138 GC heap after
{Heap after GC invocations=30 (full 0):
 garbage-first heap   total 90112K, used 46996K [0x0000000700000000, 0x0000000800000000)
  region size 2048K, 1 young (2048K), 1 survivors (2048K)
 Metaspace       used 21816K, committed 22144K, reserved 1114112K
  class space    used 2242K, committed 2432K, reserved 1048576K
}
Event: 385.011 GC heap before
{Heap before GC invocations=30 (full 0):
 garbage-first heap   total 90112K, used 59284K [0x0000000700000000, 0x0000000800000000)
  region size 2048K, 7 young (14336K), 1 survivors (2048K)
 Metaspace       used 21816K, committed 22144K, reserved 1114112K
  class space    used 2242K, committed 2432K, reserved 1048576K
}
Event: 385.017 GC heap after
{Heap after GC invocations=31 (full 0):
 garbage-first heap   total 90112K, used 44925K [0x0000000700000000, 0x0000000800000000)
  region size 2048K, 1 young (2048K), 1 survivors (2048K)
 Metaspace       used 21816K, committed 22144K, reserved 1114112K
  class space    used 2242K, committed 2432K, reserved 1048576K
}
Event: 400.249 GC heap before
{Heap before GC invocations=31 (full 0):
 garbage-first heap   total 90112K, used 57213K [0x0000000700000000, 0x0000000800000000)
  region size 2048K, 8 young (16384K), 1 survivors (2048K)
 Metaspace       used 21816K, committed 22144K, reserved 1114112K
  class space    used 2242K, committed 2432K, reserved 1048576K
}
Event: 400.455 GC heap after
{Heap after GC invocations=32 (full 0):
 garbage-first heap   total 90112K, used 53194K [0x0000000700000000, 0x0000000800000000)
  region size 2048K, 1 young (2048K), 1 survivors (2048K)
 Metaspace       used 21816K, committed 22144K, reserved 1114112K
  class space    used 2242K, committed 2432K, reserved 1048576K
}
Event: 412.680 GC heap before
{Heap before GC invocations=32 (full 0):
 garbage-first heap   total 90112K, used 61386K [0x0000000700000000, 0x0000000800000000)
  region size 2048K, 6 young (12288K), 1 survivors (2048K)
 Metaspace       used 21816K, committed 22144K, reserved 1114112K
  class space    used 2242K, committed 2432K, reserved 1048576K
}
Event: 412.695 GC heap after
{Heap after GC invocations=33 (full 0):
 garbage-first heap   total 90112K, used 60711K [0x0000000700000000, 0x0000000800000000)
  region size 2048K, 1 young (2048K), 1 survivors (2048K)
 Metaspace       used 21816K, committed 22144K, reserved 1114112K
  class space    used 2242K, committed 2432K, reserved 1048576K
}
Event: 421.750 GC heap before
{Heap before GC invocations=33 (full 0):
 garbage-first heap   total 90112K, used 66855K [0x0000000700000000, 0x0000000800000000)
  region size 2048K, 5 young (10240K), 1 survivors (2048K)
 Metaspace       used 21816K, committed 22144K, reserved 1114112K
  class space    used 2242K, committed 2432K, reserved 1048576K
}
Event: 421.761 GC heap after
{Heap after GC invocations=34 (full 0):
 garbage-first heap   total 90112K, used 67626K [0x0000000700000000, 0x0000000800000000)
  region size 2048K, 1 young (2048K), 1 survivors (2048K)
 Metaspace       used 21816K, committed 22144K, reserved 1114112K
  class space    used 2242K, committed 2432K, reserved 1048576K
}
Event: 426.311 GC heap before
{Heap before GC invocations=34 (full 0):
 garbage-first heap   total 90112K, used 71722K [0x0000000700000000, 0x0000000800000000)
  region size 2048K, 3 young (6144K), 1 survivors (2048K)
 Metaspace       used 21816K, committed 22144K, reserved 1114112K
  class space    used 2242K, committed 2432K, reserved 1048576K
}
Event: 426.319 GC heap after
{Heap after GC invocations=35 (full 0):
 garbage-first heap   total 90112K, used 71361K [0x0000000700000000, 0x0000000800000000)
  region size 2048K, 1 young (2048K), 1 survivors (2048K)
 Metaspace       used 21816K, committed 22144K, reserved 1114112K
  class space    used 2242K, committed 2432K, reserved 1048576K
}
Event: 430.919 GC heap before
{Heap before GC invocations=35 (full 0):
 garbage-first heap   total 90112K, used 73409K [0x0000000700000000, 0x0000000800000000)
  region size 2048K, 3 young (6144K), 1 survivors (2048K)
 Metaspace       used 21816K, committed 22144K, reserved 1114112K
  class space    used 2242K, committed 2432K, reserved 1048576K
}
Event: 430.924 GC heap after
{Heap after GC invocations=36 (full 0):
 garbage-first heap   total 90112K, used 75222K [0x0000000700000000, 0x0000000800000000)
  region size 2048K, 1 young (2048K), 1 survivors (2048K)
 Metaspace       used 21816K, committed 22144K, reserved 1114112K
  class space    used 2242K, committed 2432K, reserved 1048576K
}
Event: 435.577 GC heap before
{Heap before GC invocations=36 (full 0):
 garbage-first heap   total 90112K, used 77270K [0x0000000700000000, 0x0000000800000000)
  region size 2048K, 2 young (4096K), 1 survivors (2048K)
 Metaspace       used 21816K, committed 22144K, reserved 1114112K
  class space    used 2242K, committed 2432K, reserved 1048576K
}
Event: 435.588 GC heap after
{Heap after GC invocations=37 (full 0):
 garbage-first heap   total 90112K, used 77231K [0x0000000700000000, 0x0000000800000000)
  region size 2048K, 1 young (2048K), 1 survivors (2048K)
 Metaspace       used 21816K, committed 22144K, reserved 1114112K
  class space    used 2242K, committed 2432K, reserved 1048576K
}

